TN:
SF:/Users/jsilva/Documents/htdocs/webpack-omit-js-for-css-plugin/src/index.js
FN:14,OmitJSforCSSPlugin
FN:34,(anonymous_1)
FN:48,(anonymous_2)
FN:50,(anonymous_3)
FN:55,(anonymous_4)
FN:62,(anonymous_5)
FN:66,(anonymous_6)
FN:74,(anonymous_7)
FN:95,(anonymous_8)
FN:96,(anonymous_9)
FN:99,(anonymous_10)
FNF:11
FNH:11
FNDA:14,OmitJSforCSSPlugin
FNDA:17,(anonymous_1)
FNDA:12,(anonymous_2)
FNDA:12,(anonymous_3)
FNDA:12,(anonymous_4)
FNDA:62,(anonymous_5)
FNDA:185,(anonymous_6)
FNDA:40,(anonymous_7)
FNDA:13,(anonymous_8)
FNDA:13,(anonymous_9)
FNDA:2,(anonymous_10)
DA:8,1
DA:15,14
DA:21,14
DA:22,4
DA:25,10
DA:26,10
DA:34,1
DA:35,17
DA:36,4
DA:39,13
DA:40,13
DA:48,1
DA:50,12
DA:52,12
DA:53,12
DA:55,12
DA:56,12
DA:57,9
DA:62,12
DA:63,62
DA:64,3
DA:66,59
DA:67,185
DA:68,40
DA:74,12
DA:77,40
DA:78,15
DA:83,15
DA:84,15
DA:95,1
DA:96,13
DA:98,13
DA:99,2
DA:102,12
DA:104,13
DA:108,1
LF:36
LH:36
BRDA:21,0,0,4
BRDA:21,0,1,10
BRDA:21,1,0,14
BRDA:21,1,1,8
BRDA:21,1,2,7
BRDA:21,1,3,11
BRDA:25,2,0,10
BRDA:25,2,1,6
BRDA:35,3,0,4
BRDA:35,3,1,13
BRDA:39,4,0,13
BRDA:39,4,1,2
BRDA:56,5,0,9
BRDA:56,5,1,3
BRDA:63,6,0,3
BRDA:63,6,1,59
BRDA:67,7,0,40
BRDA:67,7,1,145
BRDA:67,8,0,185
BRDA:67,8,1,176
BRDA:68,9,0,36
BRDA:68,9,1,4
BRDA:77,10,0,15
BRDA:77,10,1,25
BRDA:77,11,0,40
BRDA:77,11,1,34
BRDA:77,11,2,30
BRDA:77,11,3,22
BRDA:98,12,0,1
BRDA:98,12,1,12
BRDA:98,13,0,13
BRDA:98,13,1,2
BRF:32
BRH:32
end_of_record
